# JRE version: OpenJDK Runtime Environment (8.0_345-b01) (build 1.8.0_345-b01)
# Java VM: OpenJDK 64-Bit Server VM (25.345-b01 mixed mode bsd-aarch64 compressed oops)
Heap:
 PSYoungGen      total 542720K, used 518683K [0x000000076ab00000, 0x00000007a1100000, 0x00000007c0000000)
  eden space 522240K, 95% used [0x000000076ab00000,0x000000078918ed10,0x000000078a900000)
  from space 20480K, 99% used [0x000000078a900000,0x000000078bcf8020,0x000000078bd00000)
  to   space 27648K, 0% used [0x000000079f600000,0x000000079f600000,0x00000007a1100000)
 ParOldGen       total 175104K, used 40180K [0x00000006c0000000, 0x00000006cab00000, 0x000000076ab00000)
  object space 175104K, 22% used [0x00000006c0000000,0x00000006c273d258,0x00000006cab00000)
 Metaspace       used 17221K, capacity 17872K, committed 18048K, reserved 1064960K
  class space    used 2208K, capacity 2404K, committed 2432K, reserved 1048576K
GC Heap History (10 events):
Event: 4.947 GC heap before
{Heap before GC invocations=5 (full 0):
 PSYoungGen      total 141824K, used 141802K [0x000000076ab00000, 0x0000000774000000, 0x00000007c0000000)
  eden space 131072K, 100% used [0x000000076ab00000,0x0000000772b00000,0x0000000772b00000)
  from space 10752K, 99% used [0x0000000773580000,0x0000000773ffaaf0,0x0000000774000000)
  to   space 10752K, 0% used [0x0000000772b00000,0x0000000772b00000,0x0000000773580000)
 ParOldGen       total 175104K, used 12928K [0x00000006c0000000, 0x00000006cab00000, 0x000000076ab00000)
  object space 175104K, 7% used [0x00000006c0000000,0x00000006c0ca0030,0x00000006cab00000)
 Metaspace       used 17220K, capacity 17872K, committed 18048K, reserved 1064960K
  class space    used 2207K, capacity 2404K, committed 2432K, reserved 1048576K
Event: 4.958 GC heap after
Heap after GC invocations=5 (full 0):
 PSYoungGen      total 141824K, used 10740K [0x000000076ab00000, 0x000000077d100000, 0x00000007c0000000)
  eden space 131072K, 0% used [0x000000076ab00000,0x000000076ab00000,0x0000000772b00000)
  from space 10752K, 99% used [0x0000000772b00000,0x000000077357d090,0x0000000773580000)
  to   space 19456K, 0% used [0x000000077be00000,0x000000077be00000,0x000000077d100000)
 ParOldGen       total 175104K, used 19104K [0x00000006c0000000, 0x00000006cab00000, 0x000000076ab00000)
  object space 175104K, 10% used [0x00000006c0000000,0x00000006c12a8030,0x00000006cab00000)
 Metaspace       used 17220K, capacity 17872K, committed 18048K, reserved 1064960K
  class space    used 2207K, capacity 2404K, committed 2432K, reserved 1048576K
}
Event: 5.081 GC heap before
{Heap before GC invocations=6 (full 0):
 PSYoungGen      total 141824K, used 141812K [0x000000076ab00000, 0x000000077d100000, 0x00000007c0000000)
  eden space 131072K, 100% used [0x000000076ab00000,0x0000000772b00000,0x0000000772b00000)
  from space 10752K, 99% used [0x0000000772b00000,0x000000077357d090,0x0000000773580000)
  to   space 19456K, 0% used [0x000000077be00000,0x000000077be00000,0x000000077d100000)
 ParOldGen       total 175104K, used 19104K [0x00000006c0000000, 0x00000006cab00000, 0x000000076ab00000)
  object space 175104K, 10% used [0x00000006c0000000,0x00000006c12a8030,0x00000006cab00000)
 Metaspace       used 17220K, capacity 17872K, committed 18048K, reserved 1064960K
  class space    used 2207K, capacity 2404K, committed 2432K, reserved 1048576K
Event: 5.095 GC heap after
Heap after GC invocations=6 (full 0):
 PSYoungGen      total 280576K, used 12128K [0x000000076ab00000, 0x000000077d000000, 0x00000007c0000000)
  eden space 262144K, 0% used [0x000000076ab00000,0x000000076ab00000,0x000000077ab00000)
  from space 18432K, 65% used [0x000000077be00000,0x000000077c9d8028,0x000000077d000000)
  to   space 18944K, 0% used [0x000000077ab00000,0x000000077ab00000,0x000000077bd80000)
 ParOldGen       total 175104K, used 19112K [0x00000006c0000000, 0x00000006cab00000, 0x000000076ab00000)
  object space 175104K, 10% used [0x00000006c0000000,0x00000006c12aa030,0x00000006cab00000)
 Metaspace       used 17220K, capacity 17872K, committed 18048K, reserved 1064960K
  class space    used 2207K, capacity 2404K, committed 2432K, reserved 1048576K
}
Event: 5.341 GC heap before
{Heap before GC invocations=7 (full 0):
 PSYoungGen      total 280576K, used 274272K [0x000000076ab00000, 0x000000077d000000, 0x00000007c0000000)
  eden space 262144K, 100% used [0x000000076ab00000,0x000000077ab00000,0x000000077ab00000)
  from space 18432K, 65% used [0x000000077be00000,0x000000077c9d8028,0x000000077d000000)
  to   space 18944K, 0% used [0x000000077ab00000,0x000000077ab00000,0x000000077bd80000)
 ParOldGen       total 175104K, used 19112K [0x00000006c0000000, 0x00000006cab00000, 0x000000076ab00000)
  object space 175104K, 10% used [0x00000006c0000000,0x00000006c12aa030,0x00000006cab00000)
 Metaspace       used 17220K, capacity 17872K, committed 18048K, reserved 1064960K
  class space    used 2207K, capacity 2404K, committed 2432K, reserved 1048576K
Event: 5.357 GC heap after
Heap after GC invocations=7 (full 0):
 PSYoungGen      total 281088K, used 11672K [0x000000076ab00000, 0x000000078cf00000, 0x00000007c0000000)
  eden space 262144K, 0% used [0x000000076ab00000,0x000000076ab00000,0x000000077ab00000)
  from space 18944K, 61% used [0x000000077ab00000,0x000000077b666020,0x000000077bd80000)
  to   space 18432K, 0% used [0x000000078bd00000,0x000000078bd00000,0x000000078cf00000)
 ParOldGen       total 175104K, used 26780K [0x00000006c0000000, 0x00000006cab00000, 0x000000076ab00000)
  object space 175104K, 15% used [0x00000006c0000000,0x00000006c1a27258,0x00000006cab00000)
 Metaspace       used 17220K, capacity 17872K, committed 18048K, reserved 1064960K
  class space    used 2207K, capacity 2404K, committed 2432K, reserved 1048576K
}
Event: 5.591 GC heap before
{Heap before GC invocations=8 (full 0):
 PSYoungGen      total 281088K, used 273816K [0x000000076ab00000, 0x000000078cf00000, 0x00000007c0000000)
  eden space 262144K, 100% used [0x000000076ab00000,0x000000077ab00000,0x000000077ab00000)
  from space 18944K, 61% used [0x000000077ab00000,0x000000077b666020,0x000000077bd80000)
  to   space 18432K, 0% used [0x000000078bd00000,0x000000078bd00000,0x000000078cf00000)
 ParOldGen       total 175104K, used 26780K [0x00000006c0000000, 0x00000006cab00000, 0x000000076ab00000)
  object space 175104K, 15% used [0x00000006c0000000,0x00000006c1a27258,0x00000006cab00000)
 Metaspace       used 17221K, capacity 17872K, committed 18048K, reserved 1064960K
  class space    used 2208K, capacity 2404K, committed 2432K, reserved 1048576K
Event: 5.613 GC heap after
Heap after GC invocations=8 (full 0):
 PSYoungGen      total 540672K, used 18408K [0x000000076ab00000, 0x000000078d300000, 0x00000007c0000000)
  eden space 522240K, 0% used [0x000000076ab00000,0x000000076ab00000,0x000000078a900000)
  from space 18432K, 99% used [0x000000078bd00000,0x000000078cefa010,0x000000078cf00000)
  to   space 20480K, 0% used [0x000000078a900000,0x000000078a900000,0x000000078bd00000)
 ParOldGen       total 175104K, used 27164K [0x00000006c0000000, 0x00000006cab00000, 0x000000076ab00000)
  object space 175104K, 15% used [0x00000006c0000000,0x00000006c1a87258,0x00000006cab00000)
 Metaspace       used 17221K, capacity 17872K, committed 18048K, reserved 1064960K
  class space    used 2208K, capacity 2404K, committed 2432K, reserved 1048576K
}
Event: 6.076 GC heap before
{Heap before GC invocations=9 (full 0):
 PSYoungGen      total 540672K, used 540648K [0x000000076ab00000, 0x000000078d300000, 0x00000007c0000000)
  eden space 522240K, 100% used [0x000000076ab00000,0x000000078a900000,0x000000078a900000)
  from space 18432K, 99% used [0x000000078bd00000,0x000000078cefa010,0x000000078cf00000)
  to   space 20480K, 0% used [0x000000078a900000,0x000000078a900000,0x000000078bd00000)
 ParOldGen       total 175104K, used 27164K [0x00000006c0000000, 0x00000006cab00000, 0x000000076ab00000)
  object space 175104K, 15% used [0x00000006c0000000,0x00000006c1a87258,0x00000006cab00000)
 Metaspace       used 17221K, capacity 17872K, committed 18048K, reserved 1064960K
  class space    used 2208K, capacity 2404K, committed 2432K, reserved 1048576K
Event: 6.109 GC heap after
Heap after GC invocations=9 (full 0):
 PSYoungGen      total 542720K, used 20448K [0x000000076ab00000, 0x00000007a1100000, 0x00000007c0000000)
  eden space 522240K, 0% used [0x000000076ab00000,0x000000076ab00000,0x000000078a900000)
  from space 20480K, 99% used [0x000000078a900000,0x000000078bcf8020,0x000000078bd00000)
  to   space 27648K, 0% used [0x000000079f600000,0x000000079f600000,0x00000007a1100000)
 ParOldGen       total 175104K, used 40180K [0x00000006c0000000, 0x00000006cab00000, 0x000000076ab00000)
  object space 175104K, 22% used [0x00000006c0000000,0x00000006c273d258,0x00000006cab00000)
 Metaspace       used 17221K, capacity 17872K, committed 18048K, reserved 1064960K
  class space    used 2208K, capacity 2404K, committed 2432K, reserved 1048576K
}

